<?xml version="1.0" encoding="UTF-8"?>
<testng-results skipped="0" failed="0" ignored="0" total="2" passed="2">
  <reporter-output>
  </reporter-output>
  <suite name="Surefire suite" duration-ms="11629" started-at="2017-02-23T02:41:10Z" finished-at="2017-02-23T02:41:22Z">
    <groups>
    </groups>
    <test name="Surefire test" duration-ms="11629" started-at="2017-02-23T02:41:10Z" finished-at="2017-02-23T02:41:22Z">
      <class name="leafTaps.MvnTest">
        <test-method status="PASS" signature="print()[pri:0, instance:leafTaps.MvnTest@9f9fb0]" name="print" duration-ms="0" started-at="2017-02-23T08:11:22Z" finished-at="2017-02-23T08:11:22Z">
          <reporter-output>
          </reporter-output>
        </test-method> <!-- print -->
      </class> <!-- leafTaps.MvnTest -->
      <class name="leafTaps.LeafTapsLoginTest">
        <test-method status="PASS" signature="test1()[pri:0, instance:leafTaps.LeafTapsLoginTest@11be3c5]" name="test1" duration-ms="11614" started-at="2017-02-23T08:11:10Z" finished-at="2017-02-23T08:11:22Z">
          <reporter-output>
          </reporter-output>
        </test-method> <!-- test1 -->
      </class> <!-- leafTaps.LeafTapsLoginTest -->
    </test> <!-- Surefire test -->
  </suite> <!-- Surefire suite -->
</testng-results>
